c:\users\martin pelaez\source\repos\project1oop\project1oop\debug\project1oop.pch
c:\users\martin pelaez\source\repos\project1oop\project1oop\debug\vc142.pdb
c:\users\martin pelaez\source\repos\project1oop\project1oop\debug\pch.obj
c:\users\martin pelaez\source\repos\project1oop\project1oop\debug\form1.obj
c:\users\martin pelaez\source\repos\project1oop\project1oop\debug\cppclr_winformsprojekt.obj
c:\users\martin pelaez\source\repos\project1oop\project1oop\debug\chartform.obj
c:\users\martin pelaez\source\repos\project1oop\project1oop\debug\assemblyinfo.obj
c:\users\martin pelaez\source\repos\project1oop\project1oop\debug\.netframework,version=v4.7.2.assemblyattributes.obj
c:\users\martin pelaez\source\repos\project1oop\debug\project1oop.exe
c:\users\martin pelaez\source\repos\project1oop\debug\project1oop.pdb
c:\users\martin pelaez\source\repos\project1oop\project1oop\debug\project1oop.chartform.resources
c:\users\martin pelaez\source\repos\project1oop\project1oop\debug\project1oop.form1.resources
c:\users\martin pelaez\source\repos\project1oop\project1oop\debug\app.res
c:\users\martin pelaez\source\repos\project1oop\project1oop\debug\project1oop.tlog\cl.command.1.tlog
c:\users\martin pelaez\source\repos\project1oop\project1oop\debug\project1oop.tlog\cl.read.1.tlog
c:\users\martin pelaez\source\repos\project1oop\project1oop\debug\project1oop.tlog\cl.write.1.tlog
c:\users\martin pelaez\source\repos\project1oop\project1oop\debug\project1oop.tlog\link.command.1.tlog
c:\users\martin pelaez\source\repos\project1oop\project1oop\debug\project1oop.tlog\link.read.1.tlog
c:\users\martin pelaez\source\repos\project1oop\project1oop\debug\project1oop.tlog\link.write.1.tlog
c:\users\martin pelaez\source\repos\project1oop\project1oop\debug\project1oop.tlog\metagen.read.1.tlog
c:\users\martin pelaez\source\repos\project1oop\project1oop\debug\project1oop.tlog\metagen.write.1.tlog
c:\users\martin pelaez\source\repos\project1oop\project1oop\debug\project1oop.tlog\project1oop.write.1u.tlog
c:\users\martin pelaez\source\repos\project1oop\project1oop\debug\project1oop.tlog\rc.command.1.tlog
c:\users\martin pelaez\source\repos\project1oop\project1oop\debug\project1oop.tlog\rc.read.1.tlog
c:\users\martin pelaez\source\repos\project1oop\project1oop\debug\project1oop.tlog\rc.write.1.tlog
